<?xml version="1.0" encoding="UTF-8"?>
<testsuite name="Demo Test Suite"
           tests="3"
           failures="0"
           errors="0"
           skipped="0"
           time="48.065">
  <properties />
  
  
            <testcase name="VerifyPasswdMismatchError" time="14.205" classname="com.appium.test.GmailSignupTest" />
                <testcase name="VerifyPhoneNumberFormatError" time="10.767" classname="com.appium.test.GmailSignupTest" />
                <testcase name="VerifyAlreadyTakenMailIdError" time="23.093" classname="com.appium.test.GmailSignupTest" />
      
</testsuite>
